  compilation object save succeeded; see C:\Study\Project\GameEgine\GraphicsRenderer\x64\Debug\BasicPS.cso
  compilation object save succeeded; see C:\Study\Project\GameEgine\GraphicsRenderer\x64\Debug\BasicVS.cso
  compilation object save succeeded; see C:\Study\Project\GameEgine\GraphicsRenderer\x64\Debug\NormalPS.cso
  compilation object save succeeded; see C:\Study\Project\GameEgine\GraphicsRenderer\x64\Debug\NormalVS.cso
  imgui_impl_dx10.cpp
  imgui_impl_dx11.cpp
  imgui_impl_dx9.cpp
  imgui_impl_win32.cpp
  imgui.cpp
  imgui_demo.cpp
  imgui_draw.cpp
  imgui_tables.cpp
  imgui_widgets.cpp
  AppBase.cpp
  Camera.cpp
  D3D11Utils.cpp
  GeometryGenerator.cpp
  Graphics.cpp
  main.cpp
  MeshModel.cpp
  Generating Code...
  GraphicsRenderer.vcxproj -> C:\Study\Project\GameEgine\GraphicsRenderer\x64\Debug\GraphicsRenderer.exe
