c:\study\project\gameegine\graphicsrenderer\graphicsrenderer\x64\debug\vc143.pdb
c:\study\project\gameegine\graphicsrenderer\graphicsrenderer\x64\debug\vc143.idb
c:\study\project\gameegine\graphicsrenderer\graphicsrenderer\x64\debug\main.obj
c:\study\project\gameegine\graphicsrenderer\graphicsrenderer\x64\debug\imgui_widgets.obj
c:\study\project\gameegine\graphicsrenderer\graphicsrenderer\x64\debug\imgui_tables.obj
c:\study\project\gameegine\graphicsrenderer\graphicsrenderer\x64\debug\imgui_draw.obj
c:\study\project\gameegine\graphicsrenderer\graphicsrenderer\x64\debug\imgui_demo.obj
c:\study\project\gameegine\graphicsrenderer\graphicsrenderer\x64\debug\imgui.obj
c:\study\project\gameegine\graphicsrenderer\graphicsrenderer\x64\debug\imgui_impl_win32.obj
c:\study\project\gameegine\graphicsrenderer\graphicsrenderer\x64\debug\imgui_impl_dx9.obj
c:\study\project\gameegine\graphicsrenderer\graphicsrenderer\x64\debug\imgui_impl_dx11.obj
c:\study\project\gameegine\graphicsrenderer\graphicsrenderer\x64\debug\imgui_impl_dx10.obj
c:\study\project\gameegine\graphicsrenderer\graphicsrenderer\x64\debug\graphics.obj
c:\study\project\gameegine\graphicsrenderer\graphicsrenderer\x64\debug\appbase.obj
c:\study\project\gameegine\graphicsrenderer\x64\debug\basicps.cso
c:\study\project\gameegine\graphicsrenderer\x64\debug\basicvs.cso
c:\study\project\gameegine\graphicsrenderer\x64\debug\graphicsrenderer.exe
c:\study\project\gameegine\graphicsrenderer\graphicsrenderer\x64\debug\graphicsrenderer.ilk
c:\study\project\gameegine\graphicsrenderer\x64\debug\graphicsrenderer.pdb
c:\study\project\gameegine\graphicsrenderer\graphicsrenderer\x64\debug\graphicsrenderer.tlog\cl.command.1.tlog
c:\study\project\gameegine\graphicsrenderer\graphicsrenderer\x64\debug\graphicsrenderer.tlog\cl.items.tlog
c:\study\project\gameegine\graphicsrenderer\graphicsrenderer\x64\debug\graphicsrenderer.tlog\cl.read.1.tlog
c:\study\project\gameegine\graphicsrenderer\graphicsrenderer\x64\debug\graphicsrenderer.tlog\cl.write.1.tlog
c:\study\project\gameegine\graphicsrenderer\graphicsrenderer\x64\debug\graphicsrenderer.tlog\fxc.command.1.tlog
c:\study\project\gameegine\graphicsrenderer\graphicsrenderer\x64\debug\graphicsrenderer.tlog\fxc.read.1.tlog
c:\study\project\gameegine\graphicsrenderer\graphicsrenderer\x64\debug\graphicsrenderer.tlog\fxc.write.1.tlog
c:\study\project\gameegine\graphicsrenderer\graphicsrenderer\x64\debug\graphicsrenderer.tlog\link.command.1.tlog
c:\study\project\gameegine\graphicsrenderer\graphicsrenderer\x64\debug\graphicsrenderer.tlog\link.read.1.tlog
c:\study\project\gameegine\graphicsrenderer\graphicsrenderer\x64\debug\graphicsrenderer.tlog\link.write.1.tlog
